# JRE version: Java(TM) SE Runtime Environment (8.0_171-b11) (build 1.8.0_171-b11)
# Java VM: Java HotSpot(TM) 64-Bit Server VM (25.171-b11 mixed mode linux-amd64 compressed oops)
# JRE version: Java(TM) SE Runtime Environment (8.0_171-b11) (build 1.8.0_171-b11)
# Java VM: Java HotSpot(TM) 64-Bit Server VM (25.171-b11 mixed mode linux-amd64 compressed oops)
Heap:
 PSYoungGen      total 889856K, used 459726K [0x000000076e900000, 0x00000007c0000000, 0x00000007c0000000)
  eden space 445440K, 64% used [0x000000076e900000,0x000000077ffbb808,0x0000000789c00000)
  from space 444416K, 39% used [0x0000000789c00000,0x0000000794638000,0x00000007a4e00000)
  to   space 444416K, 0% used [0x00000007a4e00000,0x00000007a4e00000,0x00000007c0000000)
 ParOldGen       total 2669568K, used 2452299K [0x00000006cba00000, 0x000000076e900000, 0x000000076e900000)
  object space 2669568K, 91% used [0x00000006cba00000,0x00000007614d2d60,0x000000076e900000)
 Metaspace       used 15147K, capacity 15314K, committed 15616K, reserved 1062912K
  class space    used 1858K, capacity 1927K, committed 2048K, reserved 1048576K
GC Heap History (10 events):
Event: 6483.329 GC heap before
{Heap before GC invocations=1775 (full 41):
 PSYoungGen      total 889856K, used 433403K [0x000000076e900000, 0x00000007c0000000, 0x00000007c0000000)
  eden space 445440K, 97% used [0x000000076e900000,0x000000078903ecd8,0x0000000789c00000)
  from space 444416K, 0% used [0x00000007a4e00000,0x00000007a4e00000,0x00000007c0000000)
  to   space 444416K, 0% used [0x0000000789c00000,0x0000000789c00000,0x00000007a4e00000)
 ParOldGen       total 2669568K, used 2669359K [0x00000006cba00000, 0x000000076e900000, 0x000000076e900000)
  object space 2669568K, 99% used [0x00000006cba00000,0x000000076e8cbc50,0x000000076e900000)
 Metaspace       used 15146K, capacity 15314K, committed 15616K, reserved 1062912K
  class space    used 1858K, capacity 1927K, committed 2048K, reserved 1048576K
Event: 6534.282 GC heap after
Heap after GC invocations=1775 (full 41):
 PSYoungGen      total 889856K, used 419683K [0x000000076e900000, 0x00000007c0000000, 0x00000007c0000000)
  eden space 445440K, 94% used [0x000000076e900000,0x00000007882d8de0,0x0000000789c00000)
  from space 444416K, 0% used [0x00000007a4e00000,0x00000007a4e00000,0x00000007c0000000)
  to   space 444416K, 0% used [0x0000000789c00000,0x0000000789c00000,0x00000007a4e00000)
 ParOldGen       total 2669568K, used 2669358K [0x00000006cba00000, 0x000000076e900000, 0x000000076e900000)
  object space 2669568K, 99% used [0x00000006cba00000,0x000000076e8cbbe0,0x000000076e900000)
 Metaspace       used 15146K, capacity 15314K, committed 15616K, reserved 1062912K
  class space    used 1858K, capacity 1927K, committed 2048K, reserved 1048576K
}
Event: 6534.282 GC heap before
{Heap before GC invocations=1776 (full 42):
 PSYoungGen      total 889856K, used 419683K [0x000000076e900000, 0x00000007c0000000, 0x00000007c0000000)
  eden space 445440K, 94% used [0x000000076e900000,0x00000007882d8de0,0x0000000789c00000)
  from space 444416K, 0% used [0x00000007a4e00000,0x00000007a4e00000,0x00000007c0000000)
  to   space 444416K, 0% used [0x0000000789c00000,0x0000000789c00000,0x00000007a4e00000)
 ParOldGen       total 2669568K, used 2669358K [0x00000006cba00000, 0x000000076e900000, 0x000000076e900000)
  object space 2669568K, 99% used [0x00000006cba00000,0x000000076e8cbbe0,0x000000076e900000)
 Metaspace       used 15146K, capacity 15314K, committed 15616K, reserved 1062912K
  class space    used 1858K, capacity 1927K, committed 2048K, reserved 1048576K
Event: 6579.155 GC heap after
Heap after GC invocations=1776 (full 42):
 PSYoungGen      total 889856K, used 419683K [0x000000076e900000, 0x00000007c0000000, 0x00000007c0000000)
  eden space 445440K, 94% used [0x000000076e900000,0x00000007882d8de0,0x0000000789c00000)
  from space 444416K, 0% used [0x00000007a4e00000,0x00000007a4e00000,0x00000007c0000000)
  to   space 444416K, 0% used [0x0000000789c00000,0x0000000789c00000,0x00000007a4e00000)
 ParOldGen       total 2669568K, used 2669358K [0x00000006cba00000, 0x000000076e900000, 0x000000076e900000)
  object space 2669568K, 99% used [0x00000006cba00000,0x000000076e8cbb28,0x000000076e900000)
 Metaspace       used 15146K, capacity 15314K, committed 15616K, reserved 1062912K
  class space    used 1858K, capacity 1927K, committed 2048K, reserved 1048576K
}
Event: 6579.728 GC heap before
{Heap before GC invocations=1777 (full 43):
 PSYoungGen      total 889856K, used 445440K [0x000000076e900000, 0x00000007c0000000, 0x00000007c0000000)
  eden space 445440K, 100% used [0x000000076e900000,0x0000000789c00000,0x0000000789c00000)
  from space 444416K, 0% used [0x00000007a4e00000,0x00000007a4e00000,0x00000007c0000000)
  to   space 444416K, 0% used [0x0000000789c00000,0x0000000789c00000,0x00000007a4e00000)
 ParOldGen       total 2669568K, used 2669362K [0x00000006cba00000, 0x000000076e900000, 0x000000076e900000)
  object space 2669568K, 99% used [0x00000006cba00000,0x000000076e8cc8c8,0x000000076e900000)
 Metaspace       used 15146K, capacity 15314K, committed 15616K, reserved 1062912K
  class space    used 1858K, capacity 1927K, committed 2048K, reserved 1048576K
Event: 6618.338 GC heap after
Heap after GC invocations=1777 (full 43):
 PSYoungGen      total 889856K, used 318952K [0x000000076e900000, 0x00000007c0000000, 0x00000007c0000000)
  eden space 445440K, 71% used [0x000000076e900000,0x000000078207a230,0x0000000789c00000)
  from space 444416K, 0% used [0x00000007a4e00000,0x00000007a4e00000,0x00000007c0000000)
  to   space 444416K, 0% used [0x0000000789c00000,0x0000000789c00000,0x00000007a4e00000)
 ParOldGen       total 2669568K, used 2669283K [0x00000006cba00000, 0x000000076e900000, 0x000000076e900000)
  object space 2669568K, 99% used [0x00000006cba00000,0x000000076e8b8cb0,0x000000076e900000)
 Metaspace       used 15146K, capacity 15314K, committed 15616K, reserved 1062912K
  class space    used 1858K, capacity 1927K, committed 2048K, reserved 1048576K
}
Event: 6620.112 GC heap before
{Heap before GC invocations=1778 (full 44):
 PSYoungGen      total 889856K, used 445440K [0x000000076e900000, 0x00000007c0000000, 0x00000007c0000000)
  eden space 445440K, 100% used [0x000000076e900000,0x0000000789c00000,0x0000000789c00000)
  from space 444416K, 0% used [0x00000007a4e00000,0x00000007a4e00000,0x00000007c0000000)
  to   space 444416K, 0% used [0x0000000789c00000,0x0000000789c00000,0x00000007a4e00000)
 ParOldGen       total 2669568K, used 2669283K [0x00000006cba00000, 0x000000076e900000, 0x000000076e900000)
  object space 2669568K, 99% used [0x00000006cba00000,0x000000076e8b8cb0,0x000000076e900000)
 Metaspace       used 15146K, capacity 15314K, committed 15616K, reserved 1062912K
  class space    used 1858K, capacity 1927K, committed 2048K, reserved 1048576K
Event: 6649.833 GC heap after
Heap after GC invocations=1778 (full 44):
 PSYoungGen      total 889856K, used 0K [0x000000076e900000, 0x00000007c0000000, 0x00000007c0000000)
  eden space 445440K, 0% used [0x000000076e900000,0x000000076e900000,0x0000000789c00000)
  from space 444416K, 0% used [0x00000007a4e00000,0x00000007a4e00000,0x00000007c0000000)
  to   space 444416K, 0% used [0x0000000789c00000,0x0000000789c00000,0x00000007a4e00000)
 ParOldGen       total 2669568K, used 2452299K [0x00000006cba00000, 0x000000076e900000, 0x000000076e900000)
  object space 2669568K, 91% used [0x00000006cba00000,0x00000007614d2d60,0x000000076e900000)
 Metaspace       used 15146K, capacity 15314K, committed 15616K, reserved 1062912K
  class space    used 1858K, capacity 1927K, committed 2048K, reserved 1048576K
}
}

Heap after GC invocations=1779 (full 44):
 PSYoungGen      total 889856K, used 174304K [0x000000076e900000, 0x00000007c0000000, 0x00000007c0000000)
  eden space 445440K, 0% used [0x000000076e900000,0x000000076e900000,0x0000000789c00000)
  from space 444416K, 39% used [0x0000000789c00000,0x0000000794638000,0x00000007a4e00000)
  to   space 444416K, 0% used [0x00000007a4e00000,0x00000007a4e00000,0x00000007c0000000)
 ParOldGen       total 2669568K, used 2452299K [0x00000006cba00000, 0x000000076e900000, 0x000000076e900000)
  object space 2669568K, 91% used [0x00000006cba00000,0x00000007614d2d60,0x000000076e900000)
 Metaspace       used 15147K, capacity 15314K, committed 15616K, reserved 1062912K
  class space    used 1858K, capacity 1927K, committed 2048K, reserved 1048576K
