# JRE version: Java(TM) SE Runtime Environment (8.0_171-b11) (build 1.8.0_171-b11)
# Java VM: Java HotSpot(TM) 64-Bit Server VM (25.171-b11 mixed mode windows-amd64 compressed oops)
Heap:
 PSYoungGen      total 461312K, used 173083K [0x00000000d5c00000, 0x0000000100000000, 0x0000000100000000)
  eden space 241664K, 71% used [0x00000000d5c00000,0x00000000e0506c90,0x00000000e4800000)
  from space 219648K, 0% used [0x00000000f2980000,0x00000000f2980000,0x0000000100000000)
  to   space 225280K, 0% used [0x00000000e4800000,0x00000000e4800000,0x00000000f2400000)
 ParOldGen       total 1384448K, used 1381668K [0x0000000081400000, 0x00000000d5c00000, 0x00000000d5c00000)
  object space 1384448K, 99% used [0x0000000081400000,0x00000000d5949270,0x00000000d5c00000)
 Metaspace       used 17921K, capacity 18118K, committed 18432K, reserved 1064960K
  class space    used 2194K, capacity 2284K, committed 2304K, reserved 1048576K
GC Heap History (10 events):
Event: 392.153 GC heap before
{Heap before GC invocations=219 (full 62):
 PSYoungGen      total 461312K, used 231300K [0x00000000d5c00000, 0x0000000100000000, 0x0000000100000000)
  eden space 241664K, 95% used [0x00000000d5c00000,0x00000000e3de1358,0x00000000e4800000)
  from space 219648K, 0% used [0x00000000f2980000,0x00000000f2980000,0x0000000100000000)
  to   space 225280K, 0% used [0x00000000e4800000,0x00000000e4800000,0x00000000f2400000)
 ParOldGen       total 1384448K, used 1384162K [0x0000000081400000, 0x00000000d5c00000, 0x00000000d5c00000)
  object space 1384448K, 99% used [0x0000000081400000,0x00000000d5bb8b50,0x00000000d5c00000)
 Metaspace       used 17944K, capacity 18158K, committed 18432K, reserved 1064960K
  class space    used 2200K, capacity 2294K, committed 2304K, reserved 1048576K
Event: 395.350 GC heap after
Heap after GC invocations=219 (full 62):
 PSYoungGen      total 461312K, used 222710K [0x00000000d5c00000, 0x0000000100000000, 0x0000000100000000)
  eden space 241664K, 92% used [0x00000000d5c00000,0x00000000e357d948,0x00000000e4800000)
  from space 219648K, 0% used [0x00000000f2980000,0x00000000f2980000,0x0000000100000000)
  to   space 225280K, 0% used [0x00000000e4800000,0x00000000e4800000,0x00000000f2400000)
 ParOldGen       total 1384448K, used 1384162K [0x0000000081400000, 0x00000000d5c00000, 0x00000000d5c00000)
  object space 1384448K, 99% used [0x0000000081400000,0x00000000d5bb8b50,0x00000000d5c00000)
 Metaspace       used 17944K, capacity 18158K, committed 18432K, reserved 1064960K
  class space    used 2200K, capacity 2294K, committed 2304K, reserved 1048576K
}
Event: 395.357 GC heap before
{Heap before GC invocations=220 (full 63):
 PSYoungGen      total 461312K, used 241664K [0x00000000d5c00000, 0x0000000100000000, 0x0000000100000000)
  eden space 241664K, 100% used [0x00000000d5c00000,0x00000000e4800000,0x00000000e4800000)
  from space 219648K, 0% used [0x00000000f2980000,0x00000000f2980000,0x0000000100000000)
  to   space 225280K, 0% used [0x00000000e4800000,0x00000000e4800000,0x00000000f2400000)
 ParOldGen       total 1384448K, used 1384162K [0x0000000081400000, 0x00000000d5c00000, 0x00000000d5c00000)
  object space 1384448K, 99% used [0x0000000081400000,0x00000000d5bb8b50,0x00000000d5c00000)
 Metaspace       used 17944K, capacity 18158K, committed 18432K, reserved 1064960K
  class space    used 2200K, capacity 2294K, committed 2304K, reserved 1048576K
Event: 400.346 GC heap after
Heap after GC invocations=220 (full 63):
 PSYoungGen      total 461312K, used 169771K [0x00000000d5c00000, 0x0000000100000000, 0x0000000100000000)
  eden space 241664K, 70% used [0x00000000d5c00000,0x00000000e01cae08,0x00000000e4800000)
  from space 219648K, 0% used [0x00000000f2980000,0x00000000f2980000,0x0000000100000000)
  to   space 225280K, 0% used [0x00000000e4800000,0x00000000e4800000,0x00000000f2400000)
 ParOldGen       total 1384448K, used 1384088K [0x0000000081400000, 0x00000000d5c00000, 0x00000000d5c00000)
  object space 1384448K, 99% used [0x0000000081400000,0x00000000d5ba6170,0x00000000d5c00000)
 Metaspace       used 17944K, capacity 18158K, committed 18432K, reserved 1064960K
  class space    used 2200K, capacity 2294K, committed 2304K, reserved 1048576K
}
Event: 400.471 GC heap before
{Heap before GC invocations=221 (full 64):
 PSYoungGen      total 461312K, used 233668K [0x00000000d5c00000, 0x0000000100000000, 0x0000000100000000)
  eden space 241664K, 96% used [0x00000000d5c00000,0x00000000e4031180,0x00000000e4800000)
  from space 219648K, 0% used [0x00000000f2980000,0x00000000f2980000,0x0000000100000000)
  to   space 225280K, 0% used [0x00000000e4800000,0x00000000e4800000,0x00000000f2400000)
 ParOldGen       total 1384448K, used 1384088K [0x0000000081400000, 0x00000000d5c00000, 0x00000000d5c00000)
  object space 1384448K, 99% used [0x0000000081400000,0x00000000d5ba6170,0x00000000d5c00000)
 Metaspace       used 17944K, capacity 18158K, committed 18432K, reserved 1064960K
  class space    used 2200K, capacity 2294K, committed 2304K, reserved 1048576K
Event: 403.654 GC heap after
Heap after GC invocations=221 (full 64):
 PSYoungGen      total 461312K, used 225026K [0x00000000d5c00000, 0x0000000100000000, 0x0000000100000000)
  eden space 241664K, 93% used [0x00000000d5c00000,0x00000000e37c0b78,0x00000000e4800000)
  from space 219648K, 0% used [0x00000000f2980000,0x00000000f2980000,0x0000000100000000)
  to   space 225280K, 0% used [0x00000000e4800000,0x00000000e4800000,0x00000000f2400000)
 ParOldGen       total 1384448K, used 1384088K [0x0000000081400000, 0x00000000d5c00000, 0x00000000d5c00000)
  object space 1384448K, 99% used [0x0000000081400000,0x00000000d5ba6170,0x00000000d5c00000)
 Metaspace       used 17944K, capacity 18158K, committed 18432K, reserved 1064960K
  class space    used 2200K, capacity 2294K, committed 2304K, reserved 1048576K
}
Event: 403.654 GC heap before
{Heap before GC invocations=222 (full 65):
 PSYoungGen      total 461312K, used 225026K [0x00000000d5c00000, 0x0000000100000000, 0x0000000100000000)
  eden space 241664K, 93% used [0x00000000d5c00000,0x00000000e37c0b78,0x00000000e4800000)
  from space 219648K, 0% used [0x00000000f2980000,0x00000000f2980000,0x0000000100000000)
  to   space 225280K, 0% used [0x00000000e4800000,0x00000000e4800000,0x00000000f2400000)
 ParOldGen       total 1384448K, used 1384088K [0x0000000081400000, 0x00000000d5c00000, 0x00000000d5c00000)
  object space 1384448K, 99% used [0x0000000081400000,0x00000000d5ba6170,0x00000000d5c00000)
 Metaspace       used 17944K, capacity 18158K, committed 18432K, reserved 1064960K
  class space    used 2200K, capacity 2294K, committed 2304K, reserved 1048576K
Event: 414.327 GC heap after
Heap after GC invocations=222 (full 65):
 PSYoungGen      total 461312K, used 224508K [0x00000000d5c00000, 0x0000000100000000, 0x0000000100000000)
  eden space 241664K, 92% used [0x00000000d5c00000,0x00000000e373f278,0x00000000e4800000)
  from space 219648K, 0% used [0x00000000f2980000,0x00000000f2980000,0x0000000100000000)
  to   space 225280K, 0% used [0x00000000e4800000,0x00000000e4800000,0x00000000f2400000)
 ParOldGen       total 1384448K, used 1384121K [0x0000000081400000, 0x00000000d5c00000, 0x00000000d5c00000)
  object space 1384448K, 99% used [0x0000000081400000,0x00000000d5bae6e8,0x00000000d5c00000)
 Metaspace       used 17918K, capacity 18118K, committed 18432K, reserved 1064960K
  class space    used 2194K, capacity 2284K, committed 2304K, reserved 1048576K
}
Event: 414.506 GC heap before
{Heap before GC invocations=223 (full 66):
 PSYoungGen      total 461312K, used 241664K [0x00000000d5c00000, 0x0000000100000000, 0x0000000100000000)
  eden space 241664K, 100% used [0x00000000d5c00000,0x00000000e4800000,0x00000000e4800000)
  from space 219648K, 0% used [0x00000000f2980000,0x00000000f2980000,0x0000000100000000)
  to   space 225280K, 0% used [0x00000000e4800000,0x00000000e4800000,0x00000000f2400000)
 ParOldGen       total 1384448K, used 1384124K [0x0000000081400000, 0x00000000d5c00000, 0x00000000d5c00000)
  object space 1384448K, 99% used [0x0000000081400000,0x00000000d5baf358,0x00000000d5c00000)
 Metaspace       used 17921K, capacity 18118K, committed 18432K, reserved 1064960K
  class space    used 2194K, capacity 2284K, committed 2304K, reserved 1048576K
Event: 418.168 GC heap after
Heap after GC invocations=223 (full 66):
 PSYoungGen      total 461312K, used 39793K [0x00000000d5c00000, 0x0000000100000000, 0x0000000100000000)
  eden space 241664K, 16% used [0x00000000d5c00000,0x00000000d82dc588,0x00000000e4800000)
  from space 219648K, 0% used [0x00000000f2980000,0x00000000f2980000,0x0000000100000000)
  to   space 225280K, 0% used [0x00000000e4800000,0x00000000e4800000,0x00000000f2400000)
 ParOldGen       total 1384448K, used 1381668K [0x0000000081400000, 0x00000000d5c00000, 0x00000000d5c00000)
  object space 1384448K, 99% used [0x0000000081400000,0x00000000d5949270,0x00000000d5c00000)
 Metaspace       used 17921K, capacity 18118K, committed 18432K, reserved 1064960K
  class space    used 2194K, capacity 2284K, committed 2304K, reserved 1048576K
}

